20:26:51 INFO  - Start super scheduler
20:26:51 INFO  - Start method -->eventCreationTest
20:26:54 INFO  - Start find element -->By.xpath: //*[@resource-id='com.example.svetlana.scheduler:id/log_email_input']
20:26:55 INFO  - Element found -->By.xpath: //*[@resource-id='com.example.svetlana.scheduler:id/log_email_input']
20:26:55 INFO  - Start find element -->By.xpath: //*[@resource-id='com.example.svetlana.scheduler:id/log_email_input']
20:26:56 INFO  - Element found -->By.xpath: //*[@resource-id='com.example.svetlana.scheduler:id/log_email_input']
20:26:56 INFO  - Start find element -->By.xpath: //*[@resource-id='com.example.svetlana.scheduler:id/log_email_input']
20:26:58 INFO  - Element found -->By.xpath: //*[@resource-id='com.example.svetlana.scheduler:id/log_email_input']
20:26:58 INFO  - Start find element -->By.xpath: //*[@resource-id='com.example.svetlana.scheduler:id/log_email_input']
20:26:59 INFO  - Element found -->By.xpath: //*[@resource-id='com.example.svetlana.scheduler:id/log_email_input']
20:27:01 INFO  - Start find element -->By.xpath: //*[@resource-id='com.example.svetlana.scheduler:id/log_password_input']
20:27:01 INFO  - Element found -->By.xpath: //*[@resource-id='com.example.svetlana.scheduler:id/log_password_input']
20:27:02 INFO  - Start find element -->By.xpath: //*[@resource-id='com.example.svetlana.scheduler:id/log_password_input']
20:27:03 INFO  - Element found -->By.xpath: //*[@resource-id='com.example.svetlana.scheduler:id/log_password_input']
20:27:03 INFO  - Start find element -->By.xpath: //*[@resource-id='com.example.svetlana.scheduler:id/log_password_input']
20:27:04 INFO  - Element found -->By.xpath: //*[@resource-id='com.example.svetlana.scheduler:id/log_password_input']
20:27:08 INFO  - Start find element -->By.xpath: //*[@resource-id='com.example.svetlana.scheduler:id/login_btn']
20:27:08 INFO  - Element found -->By.xpath: //*[@resource-id='com.example.svetlana.scheduler:id/login_btn']
20:27:08 INFO  - Start find element -->By.xpath: //*[@resource-id='com.example.svetlana.scheduler:id/wizard_settings_skip_container']
20:27:36 INFO  - Element found -->By.xpath: //*[@resource-id='com.example.svetlana.scheduler:id/wizard_settings_skip_container']
20:27:36 INFO  - An element could not be located on the page using the given search parameters.
For documentation on this error, please visit: https://www.seleniumhq.org/exceptions/no_such_element.html
Build info: version: '3.141.59', revision: 'e82be7d358', time: '2018-11-14T08:17:03'
System info: host: 'MacBook-Pro-Taya.local', ip: 'fe80:0:0:0:3d:3c2d:b48:34e1%en0', os.name: 'Mac OS X', os.arch: 'x86_64', os.version: '10.16', java.version: '1.8.0_151'
Driver info: io.appium.java_client.AppiumDriver
Capabilities {appActivity: .presentation.splashScreen...., appPackage: com.example.svetlana.scheduler, automationName: Appium, databaseEnabled: false, desired: {appActivity: .presentation.splashScreen...., appPackage: com.example.svetlana.scheduler, automationName: Appium, deviceName: Nex, platformName: android, platformVersion: 8.0}, deviceApiLevel: 26, deviceManufacturer: Google, deviceModel: Android SDK built for x86, deviceName: emulator-5554, deviceScreenDensity: 480, deviceScreenSize: 1080x1920, deviceUDID: emulator-5554, javascriptEnabled: true, locationContextEnabled: false, networkConnectionEnabled: true, pixelRatio: 3, platform: LINUX, platformName: Android, platformVersion: 8.0.0, statBarHeight: 72, takesScreenshot: true, viewportRect: {height: 1704, left: 0, top: 72, width: 1080}, warnings: {}, webStorageEnabled: false}
Session ID: c1ee00b9-0939-4f4a-aafa-7c30db6924f5
*** Element info: {Using=xpath, value=//*[@resource-id='com.example.svetlana.scheduler:id/wizard_settings_skip_container']}
20:27:36 INFO  - Start find element -->By.xpath: //*[@resource-id='com.example.svetlana.scheduler:id/fab_main']
20:27:38 INFO  - Element found -->By.xpath: //*[@resource-id='com.example.svetlana.scheduler:id/fab_main']
20:27:38 INFO  - Start find element -->By.xpath: //*[@resource-id='com.example.svetlana.scheduler:id/fab_main']
20:27:41 INFO  - Element found -->By.xpath: //*[@resource-id='com.example.svetlana.scheduler:id/fab_main']
20:27:41 INFO  - Start find element -->By.xpath: //*[@resource-id='com.example.svetlana.scheduler:id/fab_main']
20:27:43 INFO  - Element found -->By.xpath: //*[@resource-id='com.example.svetlana.scheduler:id/fab_main']
20:27:44 INFO  - Start find element -->By.xpath: //*[@resource-id='com.example.svetlana.scheduler:id/fab_add_event']
20:27:47 INFO  - Element found -->By.xpath: //*[@resource-id='com.example.svetlana.scheduler:id/fab_add_event']
20:27:48 INFO  - Start find element -->By.xpath: //*[@resource-id='com.example.svetlana.scheduler:id/info_title_input']
20:27:51 INFO  - Element found -->By.xpath: //*[@resource-id='com.example.svetlana.scheduler:id/info_title_input']
20:27:52 INFO  - Start find element -->By.xpath: //*[@resource-id='com.example.svetlana.scheduler:id/info_title_input']
20:27:52 INFO  - Element found -->By.xpath: //*[@resource-id='com.example.svetlana.scheduler:id/info_title_input']
20:27:54 INFO  - Start find element -->By.xpath: //*[@resource-id='com.example.svetlana.scheduler:id/info_title_input']
20:27:54 INFO  - Element found -->By.xpath: //*[@resource-id='com.example.svetlana.scheduler:id/info_title_input']
20:27:54 INFO  - Start find element -->By.xpath: //*[@resource-id='com.example.svetlana.scheduler:id/info_title_input']
20:27:55 INFO  - Element found -->By.xpath: //*[@resource-id='com.example.svetlana.scheduler:id/info_title_input']
20:27:56 INFO  - Start find element -->By.xpath: //*[@resource-id='com.example.svetlana.scheduler:id/info_type_input']
20:27:58 INFO  - Element found -->By.xpath: //*[@resource-id='com.example.svetlana.scheduler:id/info_type_input']
20:27:58 INFO  - Start find element -->By.xpath: //*[@resource-id='com.example.svetlana.scheduler:id/info_type_input']
20:27:59 INFO  - Element found -->By.xpath: //*[@resource-id='com.example.svetlana.scheduler:id/info_type_input']
20:27:59 INFO  - Start find element -->By.xpath: //*[@resource-id='com.example.svetlana.scheduler:id/info_type_input']
20:28:00 INFO  - Element found -->By.xpath: //*[@resource-id='com.example.svetlana.scheduler:id/info_type_input']
20:28:04 INFO  - Start find element -->By.xpath: //*[@resource-id='com.example.svetlana.scheduler:id/info_break_plus_btn']
20:28:04 INFO  - Element found -->By.xpath: //*[@resource-id='com.example.svetlana.scheduler:id/info_break_plus_btn']
20:28:05 INFO  - Start find element -->By.xpath: //*[@resource-id='com.example.svetlana.scheduler:id/info_break_plus_btn']
20:28:06 INFO  - Element found -->By.xpath: //*[@resource-id='com.example.svetlana.scheduler:id/info_break_plus_btn']
20:28:06 INFO  - Start find element -->By.xpath: //*[@resource-id='com.example.svetlana.scheduler:id/info_break_plus_btn']
20:28:07 INFO  - Element found -->By.xpath: //*[@resource-id='com.example.svetlana.scheduler:id/info_break_plus_btn']
20:28:07 INFO  - Start find element -->By.xpath: //*[@resource-id='com.example.svetlana.scheduler:id/info_wage_edit']
20:28:08 INFO  - Element found -->By.xpath: //*[@resource-id='com.example.svetlana.scheduler:id/info_wage_edit']
20:28:08 INFO  - Start find element -->By.xpath: //*[@resource-id='com.example.svetlana.scheduler:id/info_wage_input']
20:28:09 INFO  - Element found -->By.xpath: //*[@resource-id='com.example.svetlana.scheduler:id/info_wage_input']
20:28:10 INFO  - Start find element -->By.xpath: //*[@resource-id='com.example.svetlana.scheduler:id/info_wage_input']
20:28:11 INFO  - Element found -->By.xpath: //*[@resource-id='com.example.svetlana.scheduler:id/info_wage_input']
20:28:12 INFO  - Start find element -->By.xpath: //*[@resource-id='com.example.svetlana.scheduler:id/info_wage_input']
20:28:12 INFO  - Element found -->By.xpath: //*[@resource-id='com.example.svetlana.scheduler:id/info_wage_input']
20:28:12 INFO  - Start find element -->By.xpath: //*[@resource-id='com.example.svetlana.scheduler:id/info_wage_save']
20:28:13 INFO  - Element found -->By.xpath: //*[@resource-id='com.example.svetlana.scheduler:id/info_wage_save']
20:28:13 INFO  - Start find element -->By.xpath: //*[@resource-id='com.example.svetlana.scheduler:id/info_save_btn']
20:28:17 INFO  - Element found -->By.xpath: //*[@resource-id='com.example.svetlana.scheduler:id/info_save_btn']
20:28:18 INFO  - Start find element -->By.xpath: //*[@resource-id='com.example.svetlana.scheduler:id/fab_main']
20:28:22 INFO  - Element found -->By.xpath: //*[@resource-id='com.example.svetlana.scheduler:id/fab_main']
20:28:23 INFO  - Start find element -->By.xpath: //*[@resource-id='com.example.svetlana.scheduler:id/fab_main']
20:28:25 INFO  - Element found -->By.xpath: //*[@resource-id='com.example.svetlana.scheduler:id/fab_main']
20:28:25 INFO  - Stop method -->eventCreationTest
